0 info it worked if it ends with ok
1 verbose cli [ 'nodejs', '/usr/bin/npm', 'install' ]
2 info using npm@1.1.44
3 info using node@v0.8.3
4 verbose config file /home/owner/.npmrc
5 verbose config file /usr/etc/npmrc
6 verbose config file /usr/lib/nodejs/npm/npmrc
7 verbose read json /home/owner/package.json
8 error install Couldn't read dependencies
9 error Error: ENOENT, open '/home/owner/package.json'
10 error If you need help, you may report this log at:
10 error     <http://github.com/isaacs/npm/issues>
10 error or email it to:
10 error     <npm-@googlegroups.com>
11 error System Linux 3.0.0-14-generic-pae
12 error command "nodejs" "/usr/bin/npm" "install"
13 error cwd /home/owner/WebstormProjects/nockmarket
14 error node -v v0.8.3
15 error npm -v 1.1.44
16 error path /home/owner/package.json
17 error code ENOENT
18 error errno 34
19 verbose exit [ 34, true ]
